05-01-2023, 15:59: {'Имя': 'Иван', 'Фамилия': 'Иванов', 'Телефон': '6456454564', 'Группа': 'ываыавы', 'Комментарий': 'ывавыавыа'}
05-01-2023, 15:59: {'Имя': 'Петр', 'Фамилия': 'Петров', 'Телефон': '1313213123', 'Группа': 'фывфыв', 'Комментарий': 'фывфывыфв'}
05-01-2023, 16:05: {'Имя': 'Иван', 'Фамилия': 'Иванов', 'Телефон': '5454545', 'Группа': 'ывавыа', 'Комментарий': 'впвапав'}
05-01-2023, 16:08: {'Имя': 'Сидор', 'Фамилия': '54всывсс', 'Телефон': '35535353', 'Группа': 'высыс', 'Комментарий': 'ывсвысы'}
05-01-2023, 16:18: {'Имя': 'сидор', 'Фамилия': 'ыаыва6565', 'Телефон': '665656', 'Группа': 'ывавыавы', 'Комментарий': 'ываывавыа'}
05-01-2023, 16:27: {'Имя': 'имя', 'Фамилия': '4фамилия', 'Телефон': '5454354', 'Группа': 'выавыавы', 'Комментарий': 'ываываавы'}
05-01-2023, 16:35: {'Имя': 'Тест', 'Фамилия': 'Те544554стов', 'Телефон': '354435', 'Группа': 'ф3ы5вафы', 'Комментарий': 'ф54в5ф54а'}
05-01-2023, 16:43: {'Имя': 'Иван', 'Фамилия': 'Иванов', 'Телефон': '654654654', 'Группа': 'выавыавы', 'Комментарий': 'выаывавы'}
05-01-2023, 17:01: {'Имя': 'Петр', 'Фамилия': 'Петров', 'Телефон': '22222', 'Группа': 'ываыва', 'Комментарий': 'ываыва'}
05-01-2023, 17:01: {'Имя': 'Иванов', 'Фамилия': 'Иванов', 'Телефон': '33333', 'Группа': 'ывавы', 'Комментарий': 'ываыва'}
05-01-2023, 17:02: {'Имя': 'Сидор', 'Фамилия': 'Сидоров', 'Телефон': '22222', 'Группа': 'вапваып', 'Комментарий': 'ываыва'}
05-01-2023, 17:06: {'Имя': 'Дурак', 'Фамилия': 'Дураков', 'Телефон': '546546465', 'Группа': None, 'Комментарий': None}
06-01-2023, 15:28: {'Имя': 'Дмитрий', 'Фамилия': 'Дмитриев', 'Телефон': '66556655', 'Группа': 'мваввам', 'Комментарий': 'пропропр апрапр впва вававп'}
06-01-2023, 15:31: {'Имя': 'ТИМУР', 'Фамилия': 'Тимуров', 'Телефон': '64684646464', 'Группа': None, 'Комментарий': None}
09-01-2023, 21:05: Добавлен: {'Имя': 'Александр', 'Фамилия': 'Пушкин', 'Телефон': '22222', 'Группа': 'поэт', 'Комментарий': 'бывший дуэлянт'}
09-01-2023, 21:18: Добавлен: {'Имя': 'Лев', 'Фамилия': 'Толстой', 'Телефон': '44444', 'Группа': 'писатель', 'Комментарий': 'борода'}
09-01-2023, 21:21: Добавлен: {'Имя': 'Вильям', 'Фамилия': 'Шекспир', 'Телефон': '66666', 'Группа': 'драматург', 'Комментарий': 'не наш'}
09-01-2023, 21:37: Добавлен: {'Имя': 'Михаил', 'Фамилия': 'Лермонтов', 'Телефон': '88888', 'Группа': 'поэт', 'Комментарий': 'бывший дуэлянт'}
09-01-2023, 21:38: Удален контакт с номером телефона: 64684646464
09-01-2023, 21:42: Добавлен: {'Имя': 'Иван', 'Фамилия': 'Иванов', 'Телефон': '99999', 'Группа': None, 'Комментарий': None}
09-01-2023, 22:49: Добавлен: {'Имя': 'Ksenya', 'Фамилия': 'Muraviova', 'Телефон': '7555566801', 'Группа': None, 'Комментарий': 'Sis'}
09-01-2023, 22:50: Удален контакт с номером телефона: 7555566801
09-01-2023, 23:04: Удален контакт с номером телефона: Лермонтов
09-01-2023, 23:10: Удален контакт с номером телефона: 99999
09-01-2023, 23:13: Добавлен: {'Имя': 'Иван', 'Фамилия': 'Иванов', 'Телефон': '212121', 'Группа': None, 'Комментарий': None}
09-01-2023, 23:19: Удален контакт с номером телефона: 212121
09-01-2023, 23:54: Удален контакт с номером телефона: Лев
11-01-2023, 11:02: Добавлен: {'Имя': 'Иван', 'Фамилия': 'Крылов', 'Телефон': '11111', 'Группа': 'писатель', 'Комментарий': 'сказочник'}
11-01-2023, 19:08: Удален контакт с номером телефона: 654654654
11-01-2023, 19:10: Добавлен: {'Имя': 'Федор', 'Фамилия': 'Тютчев', 'Телефон': '77777', 'Группа': 'поэт', 'Комментарий': None}
11-01-2023, 19:11: Удален контакт с номером телефона: 6456454564
